<?xml version="1.0" encoding="UTF-8"?>
<beans xmlns="http://www.springframework.org/schema/beans"
       xmlns:xsi="http://www.w3.org/2001/XMLSchema-instance"
       xsi:schemaLocation="http://www.springframework.org/schema/beans http://www.springframework.org/schema/beans/spring-beans.xsd">
    <bean id="dataSource" class="org.springframework.jdbc.datasource.SimpleDriverDataSource">
        <property name="driverClass" value="com.mysql.cj.jdbc.Driver"/>
        <property name="url" value="jdbc:mysql://localhost/testdb"/>
        <property name="username" value="root"/>
        <property name="password" value="pcs8437!"/>
    </bean>

    <bean id="userDao" class="org.practice.user.dao.basicdao.UserDaoJdbc">
        <property name="dataSource" ref="dataSource"/>
    </bean>

    <bean id="transactionManager" class="org.springframework.jdbc.datasource.DataSourceTransactionManager">
        <property name="dataSource" ref="dataSource"/>
    </bean>

    <bean id="mailSender" class="org.practice.user.service.DummyMailSender"/>

<!--    <bean id="userService" class="org.practice.user.service.TxProxyFactoryBean">-->
<!--        <property name="target" ref="userServiceImpl"/>-->
<!--        <property name="transactionManager" ref="transactionManager"/>-->
<!--        <property name="pattern" value="upgradeLevels"/>-->
<!--        <property name="serviceInterface" value="org.practice.user.service.UserService"/>-->
<!--    </bean>-->

<!--    <bean id="userServiceImpl" class="org.practice.user.service.UserServiceImpl">-->
<!--        <property name="userDao" ref="userDao"/>-->
<!--        <property name="mailSender" ref="mailSender"/>-->
<!--    </bean>-->

    <bean id="transactionAdvice" class="org.practice.user.service.TransactionAdvice">
        <property name="transactionManager" ref="transactionManager"/>
    </bean>

<!--    <bean id="transactionPointcut" class="org.springframework.aop.support.NameMatchMethodPointcut">-->
<!--        <property name="mappedName" value="upgrade*"/>-->
<!--    </bean>-->

    <bean id="transactionAdvisor" class="org.springframework.aop.support.DefaultPointcutAdvisor">
        <property name="advice" ref="transactionAdvice"/>
        <property name="pointcut" ref="transactionPointcut"/>
    </bean>

<!--    <bean id="userService" class="org.springframework.aop.framework.ProxyFactoryBean">-->
<!--        <property name="target" ref="userServiceImpl"/>-->
<!--        <property name="interceptorNames">-->
<!--            <list>-->
<!--                <value>transactionAdvisor</value>-->
<!--            </list>-->
<!--        </property>-->
<!--    </bean>-->
    <bean id="userService" class="org.practice.user.service.UserServiceImpl">
        <property name="userDao" ref="userDao"/>
        <property name="mailSender" ref="mailSender"/>
    </bean>

    <bean class="org.springframework.aop.framework.autoproxy.DefaultAdvisorAutoProxyCreator"/>

    <bean id="transactionPointcut" class="org.practice.user.service.NameMatchClassMethodPointcut">
        <property name="mappedClassName" value="*ServiceImpl"/>
        <property name="mappedName" value="upgrade*"/>
    </bean>

    <bean id="testUserService" class="org.practice.user.service.UserServiceTest$TestUserServiceImpl"
          parent="userService"/>
</beans>