<?xml version="1.0" encoding="UTF-8"?>
<beans xmlns="http://www.springframework.org/schema/beans"
       xmlns:xsi="http://www.w3.org/2001/XMLSchema-instance"
       xmlns:aop="http://www.springframework.org/schema/aop"
       xmlns:tx="http://www.springframework.org/schema/tx"
       xsi:schemaLocation="http://www.springframework.org/schema/beans http://www.springframework.org/schema/beans/spring-beans.xsd
                            http://www.springframework.org/schema/aop http://www.springframework.org/schema/aop/spring-aop-3.0.xsd
                            http://www.springframework.org/schema/tx http://www.springframework.org/schema/tx/spring-tx-3.0.xsd">
    <bean id="dataSource" class="org.springframework.jdbc.datasource.SimpleDriverDataSource">
        <property name="driverClass" value="com.mysql.cj.jdbc.Driver"/>
        <property name="url" value="jdbc:mysql://localhost/testdb"/>
        <property name="username" value="root"/>
        <property name="password" value="pcs8437!"/>
    </bean>

    <bean id="userDao" class="org.practice.user.dao.basicdao.UserDaoJdbc">
        <property name="dataSource" ref="dataSource"/>
    </bean>

    <bean id="transactionManager" class="org.springframework.jdbc.datasource.DataSourceTransactionManager">
        <property name="dataSource" ref="dataSource"/>
    </bean>

    <bean id="mailSender" class="org.practice.user.service.DummyMailSender"/>

    <bean id="userService" class="org.practice.user.service.UserServiceImpl">
        <property name="userDao" ref="userDao"/>
        <property name="mailSender" ref="mailSender"/>
    </bean>

    <bean id="testUserService" class="org.practice.user.service.UserServiceTest$TestUserServiceImpl"
          parent="userService"/>

<!--    <bean id="transactionAdvice" class="org.practice.user.service.TransactionAdvice">-->
<!--        <property name="transactionManager" ref="transactionManager"/>-->
<!--    </bean>-->

<!--    <tx:advice id="transactionAdvice"> &lt;!&ndash; TransactionInterceptor &ndash;&gt;-->
<!--        <tx:attributes>-->
<!--            <tx:method name="get*" read-only="true"/>-->
<!--            <tx:method name="*"/>-->
<!--        </tx:attributes>-->
<!--    </tx:advice>-->

    <!--    <aop:config> &lt;!&ndash; DefaultAdvisorAutoProxyCreator &ndash;&gt;-->
<!--        <aop:pointcut id="transactionPointcut" expression="execution(* *..*ServiceImpl.upgrade*(..))"/> &lt;!&ndash; AspectJExpressionPointcut &ndash;&gt;-->
<!--        <aop:advisor advice-ref="transactionAdvice" pointcut-ref="transactionPointcut"/> &lt;!&ndash; DefaultPointcutAdvisor &ndash;&gt;-->
<!--    </aop:config>-->

<!--    <aop:config>-->
<!--        <aop:advisor advice-ref="transactionAdvice" pointcut="bean(*Service)"/>-->
<!--    </aop:config>-->
    <tx:annotation-driven/>
</beans>